These columns have 0 variance in the merged metadata: protocol

'assay' is not in the column names of the merged API and shipment metadata. Batching will assume that all samples from a given tissue are for a single assay.

_____________________________________________________________________________________________
--- BATCHING '4' SAMPLES ---

Sample totals:
    batch N_samples
 1:     2        94
 2:    10        94
 3:     9        94
 4:    14        94
 5:     5        94
 6:    13        94
 7:     1        93
 8:     8        94
 9:     4        94
10:     3        92
11:     7        94
12:    12        94
13:    11        94
14:    15        93
15:     6        94

N subj. per sex by batch:

      1  2
  1  11  4
  2  11  4
  3  13  2
  4  10  5
  5  12  4
  6  10  4
  7   6 10
  8  11  4
  9  11  6
  10  6  9
  11 11  7
  12 11  7
  13 10  7
  14 11  5
  15 11  6

N subj. per site by batch:

     21 22 23 24 25 26 27 28 29 30 31
  1   0  2  4  3  0  4  1  0  0  1  0
  2   0  3  0  4  1  1  0  2  1  3  0
  3   2  5  1  1  0  3  0  1  0  2  0
  4   0  3  1  3  1  4  1  2  0  0  0
  5   1  3  1  3  1  2  2  1  0  2  0
  6   0  1  1  1  0  6  0  2  1  1  1
  7   1  5  1  2  1  2  0  1  1  1  1
  8   0  2  2  1  3  4  1  1  0  0  1
  9   1  2  4  1  2  3  0  4  0  0  0
  10  1  3  0  1  1  6  1  0  1  0  1
  11  0  3  1  1  2  5  0  3  1  0  2
  12  2  5  1  3  4  1  0  1  1  0  0
  13  0  2  3  3  1  4  2  1  1  0  0
  14  0  3  4  0  0  2  0  3  1  1  2
  15  0  3  7  2  0  2  0  1  1  0  1

N subj. per intervention by batch:

     ADUControl ADUEndur ADUResist ATHEndur ATHResist PEDEndur
  1           4        5         4        2         0        0
  2           3        3         4        2         1        2
  3           4        5         3        1         1        1
  4           0        3         5        1         4        2
  5           4        7         3        1         0        1
  6           3        4         4        0         1        2
  7           0        5         5        3         2        1
  8           3        2         6        1         2        1
  9           1        4         7        1         0        4
  10          1        4         5        2         3        0
  11          2        5         5        0         3        3
  12          4        6         6        0         1        1
  13          3        4         5        2         2        1
  14          4        2         6        1         0        3
  15          1        6         5        2         2        1

N subj. per age group by batch (>40 yrs):

     FALSE TRUE
  1      8    7
  2     10    5
  3     10    5
  4      9    6
  5      9    7
  6      8    6
  7      7    9
  8      7    8
  9     11    6
  10     7    8
  11    10    8
  12    10    8
  13    10    7
  14     9    7
  15     8    9


_____________________________________________________________________________________________
--- BATCHING '5' SAMPLES ---

Sample totals:
    batch N_samples
 1:    11        94
 2:     4        90
 3:     7        94
 4:     2        93
 5:     3        90
 6:     5        90
 7:    15        94
 8:     6        92
 9:     8        92
10:    12        94
11:    13        94
12:     9        94
13:    14        92
14:    10        94
15:     1        94

N subj. per sex by batch:

      1  2
  1  11  7
  2   8  9
  3  10  4
  4   7  8
  5  11  4
  6  10  4
  7  11  6
  8  14  4
  9  10  7
  10 12  3
  11  8  8
  12 11  5
  13 15  2
  14  8  7
  15  9  6

N subj. per site by batch:

     21 22 23 24 25 26 27 28 29 30 31
  1   0  2  3  1  2  6  0  0  3  0  1
  2   0  2  1  4  1  2  0  6  0  0  1
  3   0  3  1  2  1  2  0  2  0  1  2
  4   1  4  1  1  1  4  1  0  0  1  1
  5   0  2  3  1  2  3  0  2  1  0  1
  6   2  3  4  1  0  2  1  1  0  0  0
  7   0  0  3  1  1  6  0  2  1  1  2
  8   0  5  1  3  0  1  2  3  2  1  0
  9   0  3  1  5  1  4  1  1  0  1  0
  10  1  3  1  3  0  4  2  0  1  0  0
  11  1  4  2  0  1  4  0  1  0  2  1
  12  0  5  3  3  0  2  0  0  1  2  0
  13  1  4  2  2  3  2  1  2  0  0  0
  14  0  2  4  1  3  4  0  1  0  0  0
  15  2  3  1  1  1  3  0  2  0  2  0

N subj. per intervention by batch:

     ADUControl ADUEndur ADUResist ATHEndur ATHResist PEDEndur
  1           2        6         6        2         2        0
  2           2        0         5        3         1        6
  3           3        4         1        2         2        2
  4           3        4         2        3         3        0
  5           2        5         3        1         2        2
  6           0        4         6        2         1        1
  7           4        6         1        0         4        2
  8           2        2         9        1         1        3
  9           1        5        10        0         0        1
  10          3        3         6        2         1        0
  11          2        3         7        1         2        1
  12          2        6         5        1         2        0
  13          6        5         3        0         1        2
  14          1        7         6        0         0        1
  15          4        5         3        1         0        2

N subj. per age group by batch (>40 yrs):

     FALSE TRUE
  1      8   10
  2     11    6
  3      7    7
  4     11    4
  5      8    7
  6     10    4
  7     11    6
  8     10    8
  9     11    6
  10     7    8
  11     9    7
  12    10    6
  13     9    8
  14     7    8
  15     4   11


_____________________________________________________________________________________________
--- BATCHING '6' SAMPLES ---

Sample totals:
   batch N_samples
1:     4        93
2:     5        93
3:     2        91
4:     1        94
5:     7        88
6:     3        93
7:     6        92

N subj. per sex by batch:

     1  2
  1 21 10
  2 19 12
  3 20  7
  4 19 12
  5 22 11
  6 18 13
  7 22  8

N subj. per site by batch:

    21 22 23 24 25 26 27 29 30 31
  1  1  4  5  9  2  5  0  2  1  2
  2  2  6  6  1  1  8  2  1  3  1
  3  0  5  4  7  1  6  1  2  0  1
  4  1 10  2  3  2  7  0  2  2  2
  5  1  7  7  3  4 10  0  1  0  0
  6  1  5  5  3  3  5  3  1  3  2
  7  1  8  2  3  3  8  2  0  2  1

N subj. per intervention by batch:

    ADUControl ADUEndur ADUResist ATHEndur ATHResist
  1          8        7        10        3         3
  2          1        8        15        6         1
  3          6        5        10        0         6
  4          3       10        11        4         3
  5          3       17         7        2         4
  6         12        8         6        2         3
  7          4        9        14        2         1

N subj. per age group by batch (>40 yrs):

    FALSE TRUE
  1    18   13
  2    16   15
  3    13   14
  4    16   15
  5    13   20
  6    17   14
  7    15   15
